<?xml version="1.0" encoding="UTF-8"?>
<!-- Generated by org.testng.reporters.JUnitReportReporter -->
<testsuite hostname="DESKTOP-2280B01" failures="0" tests="1" name="testcases.Verifyelementtest" time="11.168" errors="0" timestamp="2022-06-03T10:14:50 IST" skipped="0">
  <testcase classname="testcases.Verifyelementtest" name="verifyRadioButtontElementTest" time="11.168"/>
  <system-out/>
</testsuite> <!-- testcases.Verifyelementtest -->
