<?xml version="1.0" encoding="UTF-8"?>
<!-- Generated by org.testng.reporters.JUnitReportReporter -->
<testsuite hostname="DESKTOP-2280B01" failures="0" tests="1" name="testcases.VerifyWidgetsTest" time="15.273" errors="0" timestamp="2022-06-04T22:31:11 IST" skipped="0">
  <testcase classname="testcases.VerifyWidgetsTest" name="verifyDatePicker" time="15.273"/>
  <system-out/>
</testsuite> <!-- testcases.VerifyWidgetsTest -->
