<?xml version="1.0" encoding="UTF-8"?>
<!-- Generated by org.testng.reporters.JUnitReportReporter -->
<testsuite hostname="DESKTOP-2280B01" failures="0" tests="1" name="testcases.VerifyAlertsFrameandWindowstest" time="27.103" errors="0" timestamp="2022-06-03T22:29:15 IST" skipped="0">
  <testcase classname="testcases.VerifyAlertsFrameandWindowstest" name="verifylargemodalcutbuttont" time="27.103"/>
  <system-out/>
</testsuite> <!-- testcases.VerifyAlertsFrameandWindowstest -->
