<?xml version="1.0" encoding="UTF-8"?>
<!-- Generated by org.testng.reporters.JUnitReportReporter -->
<testsuite hostname="DESKTOP-2280B01" failures="0" tests="1" name="pages.Elementpage" time="0.169" errors="0" timestamp="2022-05-17T20:31:39 IST" skipped="0">
  <testcase classname="pages.Elementpage" name="verifyelement" time="0.169"/>
  <system-out/>
</testsuite> <!-- pages.Elementpage -->
