<?xml version="1.0" encoding="UTF-8"?>
<!-- Generated by org.testng.reporters.JUnitReportReporter -->
<testsuite hostname="DESKTOP-2280B01" failures="0" tests="1" name="testcases.VeriftformTest" time="11.824" errors="0" timestamp="2022-06-03T10:11:31 IST" skipped="0">
  <testcase classname="testcases.VeriftformTest" name="verifyDateofBirth" time="11.824"/>
  <system-out/>
</testsuite> <!-- testcases.VeriftformTest -->
