<?xml version="1.0" encoding="UTF-8"?>
<!-- Generated by org.testng.reporters.JUnitReportReporter -->
<testsuite hostname="DESKTOP-2280B01" failures="0" tests="1" name="testcases.VerifyformTest" time="11.259" errors="0" timestamp="2022-06-03T20:16:00 IST" skipped="0">
  <testcase classname="testcases.VerifyformTest" name="verifyForm" time="11.259"/>
  <system-out/>
</testsuite> <!-- testcases.VerifyformTest -->
