<?xml version="1.0" encoding="UTF-8"?>
<!-- Generated by org.testng.reporters.JUnitReportReporter -->
<testsuite hostname="DESKTOP-2280B01" failures="0" tests="1" name="testcases.Verifyelement" time="12.874" errors="0" timestamp="2022-06-02T11:57:36 IST" skipped="0">
  <testcase classname="testcases.Verifyelement" name="verifframe" time="12.874"/>
  <system-out/>
</testsuite> <!-- testcases.Verifyelement -->
